<?xml version="1.0" encoding="UTF-8"?>
<testsuite name="CallTest" tests="1" skipped="0" failures="0" errors="0" timestamp="2018-05-30T10:37:17" hostname="Jintaeui-MacBook-Pro.local" time="0.34">
  <properties/>
  <testcase name="Request" classname="CallTest" time="0.34"/>
  <system-out><![CDATA[]]></system-out>
  <system-err><![CDATA[[Test worker] INFO com.github.TaeGuNi.juso.module.JusoModule - {url=http://www.juso.go.kr/addrlink/addrLinkApi.do, api-key=TESTJUSOGOKR}
[Test worker] INFO com.github.TaeGuNi.juso.api.Call - http://www.juso.go.kr/addrlink/addrLinkApi.do?countPerPage=10&confmKey=TESTJUSOGOKR&currentPage=1&keyword=%EA%B0%95%EC%84%9C%EB%A1%9C7%EA%B8%B8
[Test worker] INFO com.github.TaeGuNi.juso.api.Call - Results(common=Common(totalCount=5, currentPage=1, countPerPage=10, errorCode=ErrorCode(value=0), errorMessage=정상), jusoList=[Juso(roadAddr=서울특별시 서초구 강남대로12길 6 (양재동), roadAddrPart1=서울특별시 서초구 강남대로12길 6, roadAddrPart2= (양재동), jibunAddr=서울특별시 서초구 양재동 326-1, engAddr=6, Gangnam-daero 12-gil, Seocho-gu, Seoul, zipNo=06779, admCd=1165010200, rnMgtSn=116504163008, bdMgtSn=1165010200103260001002677, detBdNmList=null, bdNm=null, bdKdcd=0, siNm=서울특별시, sggNm=서초구, emdNm=양재동, liNm=null, rn=강남대로12길, udrtYn=0, buldMnnm=6, buldSlno=0, mtYn=0, lnbrMnnm=326, lnbrSlno=1, emdNo=01), Juso(roadAddr=서울특별시 서초구 강남대로12길 8 (양재동), roadAddrPart1=서울특별시 서초구 강남대로12길 8, roadAddrPart2= (양재동), jibunAddr=서울특별시 서초구 양재동 326-2 성경빌딩, engAddr=8, Gangnam-daero 12-gil, Seocho-gu, Seoul, zipNo=06779, admCd=1165010200, rnMgtSn=116504163008, bdMgtSn=1165010200103260002004362, detBdNmList=null, bdNm=성경빌딩, bdKdcd=0, siNm=서울특별시, sggNm=서초구, emdNm=양재동, liNm=null, rn=강남대로12길, udrtYn=0, buldMnnm=8, buldSlno=0, mtYn=0, lnbrMnnm=326, lnbrSlno=2, emdNo=01), Juso(roadAddr=서울특별시 서초구 강남대로12길 11 (양재동, 현대아트빌라), roadAddrPart1=서울특별시 서초구 강남대로12길 11, roadAddrPart2= (양재동, 현대아트빌라), jibunAddr=서울특별시 서초구 양재동 317-5 현대아트빌라, engAddr=11, Gangnam-daero 12-gil, Seocho-gu,Seoul, zipNo=06779, admCd=1165010200, rnMgtSn=116504163008, bdMgtSn=1165010200103170005003528, detBdNmList=null, bdNm=현대아트빌라, bdKdcd=1, siNm=서울특별시, sggNm=서초구, emdNm=양재동, liNm=null, rn=강남대로12길, udrtYn=0, buldMnnm=11, buldSlno=0, mtYn=0, lnbrMnnm=317, lnbrSlno=5, emdNo=01), Juso(roadAddr=서울특별시 서초구 강남대로12길 15 (양재동, 경희궁), roadAddrPart1=서울특별시 서초구 강남대로12길 15, roadAddrPart2= (양재동, 경희궁), jibunAddr=서울특별시 서초구 양재동 317-4 경희궁, engAddr=15, Gangnam-daero 12-gil, Seocho-gu, Seoul, zipNo=06779, admCd=1165010200, rnMgtSn=116504163008, bdMgtSn=1165010200103170004004239, detBdNmList=null, bdNm=경희궁, bdKdcd=1, siNm=서울특별시, sggNm=서초구, emdNm=양재동, liNm=null, rn=강남대로12길, udrtYn=0, buldMnnm=15, buldSlno=0, mtYn=0, lnbrMnnm=317, lnbrSlno=4, emdNo=01), Juso(roadAddr=서울특별시 서초구 강남대로12길 19 (양재동, 갤럭시타운), roadAddrPart1=서울특별시 서초구 강남대로12길 19, roadAddrPart2= (양재동, 갤럭시타운), jibunAddr=서울특별시 서초구 양재동 317-3 갤럭시타운, engAddr=19, Gangnam-daero 12-gil, Seocho-gu, Seoul, zipNo=06779, admCd=1165010200, rnMgtSn=116504163008, bdMgtSn=1165010200103170003004238, detBdNmList=null, bdNm=갤럭시타운, bdKdcd=1, siNm=서울특별시, sggNm=서초구, emdNm=양재동, liNm=null, rn=강남대로12길, udrtYn=0, buldMnnm=19, buldSlno=0, mtYn=0, lnbrMnnm=317, lnbrSlno=3, emdNo=01)])
]]></system-err>
</testsuite>
